1571051817258	mozrunner::runner	INFO	Running command: "/Applications/Firefox.app/Contents/MacOS/firefox-bin" "-marionette" "-foreground" "-no-remote" "-profile" "/var/folders/wh/kcqz3t1x5836tshsfrkw239r0000gn/T/rust_mozprofile.lJswkjttjGCU"
1571051818257	addons.webextension.screenshots@mozilla.org	WARN	Loading extension 'screenshots@mozilla.org': Reading manifest: Invalid extension permission: mozillaAddons
1571051818257	addons.webextension.screenshots@mozilla.org	WARN	Loading extension 'screenshots@mozilla.org': Reading manifest: Invalid extension permission: telemetry
1571051818257	addons.webextension.screenshots@mozilla.org	WARN	Loading extension 'screenshots@mozilla.org': Reading manifest: Invalid extension permission: resource://pdf.js/
1571051818257	addons.webextension.screenshots@mozilla.org	WARN	Loading extension 'screenshots@mozilla.org': Reading manifest: Invalid extension permission: about:reader*
1571051820530	Marionette	INFO	Listening on port 49470
1571051820605	Marionette	WARN	TLS certificate errors will be ignored for this session
Exiting due to channel error.
[GFX1-]: Receive IPC close with reason=AbnormalShutdown
Exiting due to channel error.
1571053879152	mozrunner::runner	INFO	Running command: "/Applications/Firefox.app/Contents/MacOS/firefox-bin" "-marionette" "-foreground" "-no-remote" "-profile" "/var/folders/wh/kcqz3t1x5836tshsfrkw239r0000gn/T/rust_mozprofile.cacVUHMcGUmw"
1571053879686	addons.webextension.screenshots@mozilla.org	WARN	Loading extension 'screenshots@mozilla.org': Reading manifest: Invalid extension permission: mozillaAddons
1571053879686	addons.webextension.screenshots@mozilla.org	WARN	Loading extension 'screenshots@mozilla.org': Reading manifest: Invalid extension permission: telemetry
1571053879686	addons.webextension.screenshots@mozilla.org	WARN	Loading extension 'screenshots@mozilla.org': Reading manifest: Invalid extension permission: resource://pdf.js/
1571053879687	addons.webextension.screenshots@mozilla.org	WARN	Loading extension 'screenshots@mozilla.org': Reading manifest: Invalid extension permission: about:reader*
1571053881669	Marionette	INFO	Listening on port 50747
1571053881709	Marionette	WARN	TLS certificate errors will be ignored for this session
1571053884440	Marionette	WARN	TimedPromise timed out after 500 ms: stacktrace:
bail@chrome://marionette/content/sync.js:237:64
1571054021056	mozrunner::runner	INFO	Running command: "/Applications/Firefox.app/Contents/MacOS/firefox-bin" "-marionette" "-foreground" "-no-remote" "-profile" "/var/folders/wh/kcqz3t1x5836tshsfrkw239r0000gn/T/rust_mozprofile.2Cf76dXfE02r"
1571054021594	addons.webextension.screenshots@mozilla.org	WARN	Loading extension 'screenshots@mozilla.org': Reading manifest: Invalid extension permission: mozillaAddons
1571054021595	addons.webextension.screenshots@mozilla.org	WARN	Loading extension 'screenshots@mozilla.org': Reading manifest: Invalid extension permission: telemetry
1571054021595	addons.webextension.screenshots@mozilla.org	WARN	Loading extension 'screenshots@mozilla.org': Reading manifest: Invalid extension permission: resource://pdf.js/
1571054021595	addons.webextension.screenshots@mozilla.org	WARN	Loading extension 'screenshots@mozilla.org': Reading manifest: Invalid extension permission: about:reader*
1571054023533	Marionette	INFO	Listening on port 50886
1571054023600	Marionette	WARN	TLS certificate errors will be ignored for this session
JavaScript warning: https://conexionseguraempresas.movistar.es/public/SecureBar/icon.js?preview=0&type=degustacion, line 2: Using //@ to indicate sourceMappingURL pragmas is deprecated. Use //# instead
JavaScript error: http://www.learningaboutelectronics.com/Articles/How-to-insert-data-into-a-database-from-an-HTML-form-in-Django.php line 1011 > scriptElement, line 933: SecurityError: The operation is insecure.
JavaScript error: http://www.learningaboutelectronics.com/Articles/How-to-insert-data-into-a-database-from-an-HTML-form-in-Django.php line 1011 > scriptElement, line 933: SecurityError: The operation is insecure.
JavaScript error: http://www.learningaboutelectronics.com/Articles/How-to-insert-data-into-a-database-from-an-HTML-form-in-Django.php line 1011 > scriptElement, line 933: SecurityError: The operation is insecure.
JavaScript error: http://www.learningaboutelectronics.com/Articles/How-to-insert-data-into-a-database-from-an-HTML-form-in-Django.php line 1011 > scriptElement, line 933: SecurityError: The operation is insecure.
JavaScript error: http://www.learningaboutelectronics.com/Articles/How-to-insert-data-into-a-database-from-an-HTML-form-in-Django.php line 1011 > scriptElement, line 933: SecurityError: The operation is insecure.
JavaScript error: http://www.learningaboutelectronics.com/Articles/How-to-insert-data-into-a-database-from-an-HTML-form-in-Django.php line 1011 > scriptElement, line 933: SecurityError: The operation is insecure.
JavaScript error: http://www.learningaboutelectronics.com/Articles/How-to-insert-data-into-a-database-from-an-HTML-form-in-Django.php line 1011 > scriptElement, line 933: SecurityError: The operation is insecure.
JavaScript error: http://www.learningaboutelectronics.com/Articles/How-to-insert-data-into-a-database-from-an-HTML-form-in-Django.php line 1011 > scriptElement, line 933: SecurityError: The operation is insecure.
JavaScript error: http://www.learningaboutelectronics.com/Articles/How-to-insert-data-into-a-database-from-an-HTML-form-in-Django.php line 1011 > scriptElement, line 933: SecurityError: The operation is insecure.
JavaScript error: http://www.learningaboutelectronics.com/Articles/How-to-insert-data-into-a-database-from-an-HTML-form-in-Django.php line 1011 > scriptElement, line 933: SecurityError: The operation is insecure.
JavaScript error: http://www.learningaboutelectronics.com/Articles/How-to-insert-data-into-a-database-from-an-HTML-form-in-Django.php line 1011 > scriptElement, line 933: SecurityError: The operation is insecure.
JavaScript error: http://www.learningaboutelectronics.com/Articles/How-to-insert-data-into-a-database-from-an-HTML-form-in-Django.php line 1011 > scriptElement, line 933: SecurityError: The operation is insecure.
JavaScript error: http://www.learningaboutelectronics.com/Articles/How-to-insert-data-into-a-database-from-an-HTML-form-in-Django.php line 1011 > scriptElement, line 933: SecurityError: The operation is insecure.
JavaScript error: http://www.learningaboutelectronics.com/Articles/How-to-insert-data-into-a-database-from-an-HTML-form-in-Django.php line 1011 > scriptElement, line 933: SecurityError: The operation is insecure.
JavaScript error: http://www.learningaboutelectronics.com/Articles/How-to-insert-data-into-a-database-from-an-HTML-form-in-Django.php line 1011 > scriptElement, line 933: SecurityError: The operation is insecure.
JavaScript error: http://www.learningaboutelectronics.com/Articles/How-to-insert-data-into-a-database-from-an-HTML-form-in-Django.php line 1011 > scriptElement, line 933: SecurityError: The operation is insecure.
JavaScript error: http://www.learningaboutelectronics.com/Articles/How-to-insert-data-into-a-database-from-an-HTML-form-in-Django.php line 1011 > scriptElement, line 933: SecurityError: The operation is insecure.
JavaScript error: http://www.learningaboutelectronics.com/Articles/How-to-insert-data-into-a-database-from-an-HTML-form-in-Django.php line 1011 > scriptElement, line 933: SecurityError: The operation is insecure.
JavaScript error: http://www.learningaboutelectronics.com/Articles/How-to-insert-data-into-a-database-from-an-HTML-form-in-Django.php line 1011 > scriptElement, line 933: SecurityError: The operation is insecure.
JavaScript error: http://www.learningaboutelectronics.com/Articles/How-to-insert-data-into-a-database-from-an-HTML-form-in-Django.php line 1011 > scriptElement, line 933: SecurityError: The operation is insecure.
JavaScript error: http://www.learningaboutelectronics.com/Articles/How-to-insert-data-into-a-database-from-an-HTML-form-in-Django.php line 1011 > scriptElement, line 933: SecurityError: The operation is insecure.
JavaScript error: http://www.learningaboutelectronics.com/Articles/How-to-insert-data-into-a-database-from-an-HTML-form-in-Django.php line 1011 > scriptElement, line 933: SecurityError: The operation is insecure.
JavaScript error: http://www.learningaboutelectronics.com/Articles/How-to-insert-data-into-a-database-from-an-HTML-form-in-Django.php line 1011 > scriptElement, line 933: SecurityError: The operation is insecure.
JavaScript error: http://www.learningaboutelectronics.com/Articles/How-to-insert-data-into-a-database-from-an-HTML-form-in-Django.php line 1011 > scriptElement, line 933: SecurityError: The operation is insecure.
JavaScript error: http://www.learningaboutelectronics.com/Articles/How-to-insert-data-into-a-database-from-an-HTML-form-in-Django.php line 1011 > scriptElement, line 933: SecurityError: The operation is insecure.
JavaScript error: http://www.learningaboutelectronics.com/Articles/How-to-insert-data-into-a-database-from-an-HTML-form-in-Django.php line 1011 > scriptElement, line 933: SecurityError: The operation is insecure.
JavaScript error: http://www.learningaboutelectronics.com/Articles/How-to-insert-data-into-a-database-from-an-HTML-form-in-Django.php line 1011 > scriptElement, line 933: SecurityError: The operation is insecure.
JavaScript error: http://www.learningaboutelectronics.com/Articles/How-to-insert-data-into-a-database-from-an-HTML-form-in-Django.php line 1011 > scriptElement, line 933: SecurityError: The operation is insecure.
JavaScript error: http://www.learningaboutelectronics.com/Articles/How-to-insert-data-into-a-database-from-an-HTML-form-in-Django.php line 1011 > scriptElement, line 933: SecurityError: The operation is insecure.
JavaScript error: http://www.learningaboutelectronics.com/Articles/How-to-insert-data-into-a-database-from-an-HTML-form-in-Django.php line 1011 > scriptElement, line 933: SecurityError: The operation is insecure.
JavaScript error: http://www.learningaboutelectronics.com/Articles/How-to-insert-data-into-a-database-from-an-HTML-form-in-Django.php line 1011 > scriptElement, line 933: SecurityError: The operation is insecure.
JavaScript error: http://www.learningaboutelectronics.com/Articles/How-to-insert-data-into-a-database-from-an-HTML-form-in-Django.php line 1011 > scriptElement, line 933: SecurityError: The operation is insecure.
JavaScript error: http://www.learningaboutelectronics.com/Articles/How-to-insert-data-into-a-database-from-an-HTML-form-in-Django.php line 1011 > scriptElement, line 933: SecurityError: The operation is insecure.
JavaScript error: http://www.learningaboutelectronics.com/Articles/How-to-insert-data-into-a-database-from-an-HTML-form-in-Django.php line 1011 > scriptElement, line 933: SecurityError: The operation is insecure.
JavaScript error: http://www.learningaboutelectronics.com/Articles/How-to-insert-data-into-a-database-from-an-HTML-form-in-Django.php line 1011 > scriptElement, line 933: SecurityError: The operation is insecure.
JavaScript error: http://www.learningaboutelectronics.com/Articles/How-to-insert-data-into-a-database-from-an-HTML-form-in-Django.php line 1011 > scriptElement, line 933: SecurityError: The operation is insecure.
JavaScript error: http://www.learningaboutelectronics.com/Articles/How-to-insert-data-into-a-database-from-an-HTML-form-in-Django.php line 1011 > scriptElement, line 933: SecurityError: The operation is insecure.
JavaScript error: http://www.learningaboutelectronics.com/Articles/How-to-insert-data-into-a-database-from-an-HTML-form-in-Django.php line 1011 > scriptElement, line 933: SecurityError: The operation is insecure.
JavaScript error: http://www.learningaboutelectronics.com/Articles/How-to-insert-data-into-a-database-from-an-HTML-form-in-Django.php line 1011 > scriptElement, line 933: SecurityError: The operation is insecure.
JavaScript error: http://www.learningaboutelectronics.com/Articles/How-to-insert-data-into-a-database-from-an-HTML-form-in-Django.php line 1011 > scriptElement, line 933: SecurityError: The operation is insecure.
JavaScript error: http://www.learningaboutelectronics.com/Articles/How-to-insert-data-into-a-database-from-an-HTML-form-in-Django.php line 1011 > scriptElement, line 933: SecurityError: The operation is insecure.
JavaScript error: http://www.learningaboutelectronics.com/Articles/How-to-insert-data-into-a-database-from-an-HTML-form-in-Django.php line 1011 > scriptElement, line 933: SecurityError: The operation is insecure.
JavaScript error: http://www.learningaboutelectronics.com/Articles/How-to-insert-data-into-a-database-from-an-HTML-form-in-Django.php line 1011 > scriptElement, line 933: SecurityError: The operation is insecure.
JavaScript error: http://www.learningaboutelectronics.com/Articles/How-to-insert-data-into-a-database-from-an-HTML-form-in-Django.php line 1011 > scriptElement, line 933: SecurityError: The operation is insecure.
JavaScript error: http://www.learningaboutelectronics.com/Articles/How-to-insert-data-into-a-database-from-an-HTML-form-in-Django.php line 1011 > scriptElement, line 933: SecurityError: The operation is insecure.
Exiting due to channel error.
[GFX1-]: Receive IPC close with reason=AbnormalShutdown
Exiting due to channel error.
Exiting due to channel error.
Exiting due to channel error.
[GFX1-]: Receive IPC close with reason=AbnormalShutdown
Exiting due to channel error.
1571059839129	mozrunner::runner	INFO	Running command: "/Applications/Firefox.app/Contents/MacOS/firefox-bin" "-marionette" "-foreground" "-no-remote" "-profile" "/var/folders/wh/kcqz3t1x5836tshsfrkw239r0000gn/T/rust_mozprofile.3dX1bySm0A4C"
1571059839664	addons.webextension.screenshots@mozilla.org	WARN	Loading extension 'screenshots@mozilla.org': Reading manifest: Invalid extension permission: mozillaAddons
1571059839664	addons.webextension.screenshots@mozilla.org	WARN	Loading extension 'screenshots@mozilla.org': Reading manifest: Invalid extension permission: telemetry
1571059839665	addons.webextension.screenshots@mozilla.org	WARN	Loading extension 'screenshots@mozilla.org': Reading manifest: Invalid extension permission: resource://pdf.js/
1571059839665	addons.webextension.screenshots@mozilla.org	WARN	Loading extension 'screenshots@mozilla.org': Reading manifest: Invalid extension permission: about:reader*
1571059841826	Marionette	INFO	Listening on port 56940
1571059841892	Marionette	WARN	TLS certificate errors will be ignored for this session
1571059940241	mozrunner::runner	INFO	Running command: "/Applications/Firefox.app/Contents/MacOS/firefox-bin" "-marionette" "-foreground" "-no-remote" "-profile" "/var/folders/wh/kcqz3t1x5836tshsfrkw239r0000gn/T/rust_mozprofile.4KGbXfSsJj2g"
1571059940804	addons.webextension.screenshots@mozilla.org	WARN	Loading extension 'screenshots@mozilla.org': Reading manifest: Invalid extension permission: mozillaAddons
1571059940805	addons.webextension.screenshots@mozilla.org	WARN	Loading extension 'screenshots@mozilla.org': Reading manifest: Invalid extension permission: telemetry
1571059940805	addons.webextension.screenshots@mozilla.org	WARN	Loading extension 'screenshots@mozilla.org': Reading manifest: Invalid extension permission: resource://pdf.js/
1571059940805	addons.webextension.screenshots@mozilla.org	WARN	Loading extension 'screenshots@mozilla.org': Reading manifest: Invalid extension permission: about:reader*
1571059942849	Marionette	INFO	Listening on port 57165
1571059942894	Marionette	WARN	TLS certificate errors will be ignored for this session
1571060033617	mozrunner::runner	INFO	Running command: "/Applications/Firefox.app/Contents/MacOS/firefox-bin" "-marionette" "-foreground" "-no-remote" "-profile" "/var/folders/wh/kcqz3t1x5836tshsfrkw239r0000gn/T/rust_mozprofile.kXFMaMeyqcoo"
1571060034172	addons.webextension.screenshots@mozilla.org	WARN	Loading extension 'screenshots@mozilla.org': Reading manifest: Invalid extension permission: mozillaAddons
1571060034172	addons.webextension.screenshots@mozilla.org	WARN	Loading extension 'screenshots@mozilla.org': Reading manifest: Invalid extension permission: telemetry
1571060034173	addons.webextension.screenshots@mozilla.org	WARN	Loading extension 'screenshots@mozilla.org': Reading manifest: Invalid extension permission: resource://pdf.js/
1571060034173	addons.webextension.screenshots@mozilla.org	WARN	Loading extension 'screenshots@mozilla.org': Reading manifest: Invalid extension permission: about:reader*
1571060036456	Marionette	INFO	Listening on port 57269
1571060036496	Marionette	WARN	TLS certificate errors will be ignored for this session
1571060041995	mozrunner::runner	INFO	Running command: "/Applications/Firefox.app/Contents/MacOS/firefox-bin" "-marionette" "-foreground" "-no-remote" "-profile" "/var/folders/wh/kcqz3t1x5836tshsfrkw239r0000gn/T/rust_mozprofile.wSmk4ybXvq0B"
1571060042535	addons.webextension.screenshots@mozilla.org	WARN	Loading extension 'screenshots@mozilla.org': Reading manifest: Invalid extension permission: mozillaAddons
1571060042535	addons.webextension.screenshots@mozilla.org	WARN	Loading extension 'screenshots@mozilla.org': Reading manifest: Invalid extension permission: telemetry
1571060042535	addons.webextension.screenshots@mozilla.org	WARN	Loading extension 'screenshots@mozilla.org': Reading manifest: Invalid extension permission: resource://pdf.js/
1571060042535	addons.webextension.screenshots@mozilla.org	WARN	Loading extension 'screenshots@mozilla.org': Reading manifest: Invalid extension permission: about:reader*
1571060044825	Marionette	INFO	Listening on port 57331
1571060044841	Marionette	WARN	TLS certificate errors will be ignored for this session
1571060494930	mozrunner::runner	INFO	Running command: "/Applications/Firefox.app/Contents/MacOS/firefox-bin" "-marionette" "-foreground" "-no-remote" "-profile" "/var/folders/wh/kcqz3t1x5836tshsfrkw239r0000gn/T/rust_mozprofile.xZxV1VseujOD"
1571060495612	addons.webextension.screenshots@mozilla.org	WARN	Loading extension 'screenshots@mozilla.org': Reading manifest: Invalid extension permission: mozillaAddons
1571060495613	addons.webextension.screenshots@mozilla.org	WARN	Loading extension 'screenshots@mozilla.org': Reading manifest: Invalid extension permission: telemetry
1571060495613	addons.webextension.screenshots@mozilla.org	WARN	Loading extension 'screenshots@mozilla.org': Reading manifest: Invalid extension permission: resource://pdf.js/
1571060495613	addons.webextension.screenshots@mozilla.org	WARN	Loading extension 'screenshots@mozilla.org': Reading manifest: Invalid extension permission: about:reader*
1571060497912	Marionette	INFO	Listening on port 57963
1571060497999	Marionette	WARN	TLS certificate errors will be ignored for this session
Exiting due to channel error.
[GFX1-]: Receive IPC close with reason=AbnormalShutdown
[GFX1-]: Receive IPC close with reason=AbnormalShutdown
Exiting due to channel error.
Exiting due to channel error.
[GFX1-]: Receive IPC close with reason=AbnormalShutdown
[Child 7651, Chrome_ChildThread] WARNING: pipe error: Broken pipe: file /builds/worker/workspace/build/src/ipc/chromium/src/chrome/common/ipc_channel_posix.cc, line 728
Exiting due to channel error.
Exiting due to channel error.
[GFX1-]: Receive IPC close with reason=AbnormalShutdown
Exiting due to channel error.
Exiting due to channel error.
Exiting due to channel error.
Exiting due to channel error.
Exiting due to channel error.
[GFX1-]: Receive IPC close with reason=AbnormalShutdown
[Child 7619, Chrome_ChildThread] WARNING: pipe error: Broken pipe: file /builds/worker/workspace/build/src/ipc/chromium/src/chrome/common/ipc_channel_posix.cc, line 728
Exiting due to channel error.
[GFX1-]: Receive IPC close with reason=AbnormalShutdown
Exiting due to channel error.
Exiting due to channel error.
[GFX1-]: Receive IPC close with reason=AbnormalShutdown
Exiting due to channel error.
[GFX1-]: Receive IPC close with reason=AbnormalShutdown
Exiting due to channel error.
1571061423635	mozrunner::runner	INFO	Running command: "/Applications/Firefox.app/Contents/MacOS/firefox-bin" "-marionette" "-foreground" "-no-remote" "-profile" "/var/folders/wh/kcqz3t1x5836tshsfrkw239r0000gn/T/rust_mozprofile.G3ZQ9ocKuNwS"
1571061424181	addons.webextension.screenshots@mozilla.org	WARN	Loading extension 'screenshots@mozilla.org': Reading manifest: Invalid extension permission: mozillaAddons
1571061424181	addons.webextension.screenshots@mozilla.org	WARN	Loading extension 'screenshots@mozilla.org': Reading manifest: Invalid extension permission: telemetry
1571061424182	addons.webextension.screenshots@mozilla.org	WARN	Loading extension 'screenshots@mozilla.org': Reading manifest: Invalid extension permission: resource://pdf.js/
1571061424182	addons.webextension.screenshots@mozilla.org	WARN	Loading extension 'screenshots@mozilla.org': Reading manifest: Invalid extension permission: about:reader*
1571061426239	Marionette	INFO	Listening on port 58540
1571061426293	Marionette	WARN	TLS certificate errors will be ignored for this session
1571061431524	mozrunner::runner	INFO	Running command: "/Applications/Firefox.app/Contents/MacOS/firefox-bin" "-marionette" "-foreground" "-no-remote" "-profile" "/var/folders/wh/kcqz3t1x5836tshsfrkw239r0000gn/T/rust_mozprofile.SsNDixZ5Y7AI"
1571061432082	addons.webextension.screenshots@mozilla.org	WARN	Loading extension 'screenshots@mozilla.org': Reading manifest: Invalid extension permission: mozillaAddons
1571061432082	addons.webextension.screenshots@mozilla.org	WARN	Loading extension 'screenshots@mozilla.org': Reading manifest: Invalid extension permission: telemetry
1571061432083	addons.webextension.screenshots@mozilla.org	WARN	Loading extension 'screenshots@mozilla.org': Reading manifest: Invalid extension permission: resource://pdf.js/
1571061432083	addons.webextension.screenshots@mozilla.org	WARN	Loading extension 'screenshots@mozilla.org': Reading manifest: Invalid extension permission: about:reader*
1571061434209	Marionette	INFO	Listening on port 58586
1571061434276	Marionette	WARN	TLS certificate errors will be ignored for this session
1571061439764	mozrunner::runner	INFO	Running command: "/Applications/Firefox.app/Contents/MacOS/firefox-bin" "-marionette" "-foreground" "-no-remote" "-profile" "/var/folders/wh/kcqz3t1x5836tshsfrkw239r0000gn/T/rust_mozprofile.jfOBhWOL5oNx"
1571061440315	addons.webextension.screenshots@mozilla.org	WARN	Loading extension 'screenshots@mozilla.org': Reading manifest: Invalid extension permission: mozillaAddons
1571061440315	addons.webextension.screenshots@mozilla.org	WARN	Loading extension 'screenshots@mozilla.org': Reading manifest: Invalid extension permission: telemetry
1571061440316	addons.webextension.screenshots@mozilla.org	WARN	Loading extension 'screenshots@mozilla.org': Reading manifest: Invalid extension permission: resource://pdf.js/
1571061440316	addons.webextension.screenshots@mozilla.org	WARN	Loading extension 'screenshots@mozilla.org': Reading manifest: Invalid extension permission: about:reader*
1571061442445	Marionette	INFO	Listening on port 58636
1571061442513	Marionette	WARN	TLS certificate errors will be ignored for this session
1571061506828	mozrunner::runner	INFO	Running command: "/Applications/Firefox.app/Contents/MacOS/firefox-bin" "-marionette" "-foreground" "-no-remote" "-profile" "/var/folders/wh/kcqz3t1x5836tshsfrkw239r0000gn/T/rust_mozprofile.v1qOA6ZnEXnn"
1571061507382	addons.webextension.screenshots@mozilla.org	WARN	Loading extension 'screenshots@mozilla.org': Reading manifest: Invalid extension permission: mozillaAddons
1571061507382	addons.webextension.screenshots@mozilla.org	WARN	Loading extension 'screenshots@mozilla.org': Reading manifest: Invalid extension permission: telemetry
1571061507383	addons.webextension.screenshots@mozilla.org	WARN	Loading extension 'screenshots@mozilla.org': Reading manifest: Invalid extension permission: resource://pdf.js/
1571061507383	addons.webextension.screenshots@mozilla.org	WARN	Loading extension 'screenshots@mozilla.org': Reading manifest: Invalid extension permission: about:reader*
1571061509382	Marionette	INFO	Listening on port 58725
1571061509390	Marionette	WARN	TLS certificate errors will be ignored for this session
1571061519904	mozrunner::runner	INFO	Running command: "/Applications/Firefox.app/Contents/MacOS/firefox-bin" "-marionette" "-foreground" "-no-remote" "-profile" "/var/folders/wh/kcqz3t1x5836tshsfrkw239r0000gn/T/rust_mozprofile.fr8kNP8rk7d9"
1571061520465	addons.webextension.screenshots@mozilla.org	WARN	Loading extension 'screenshots@mozilla.org': Reading manifest: Invalid extension permission: mozillaAddons
1571061520465	addons.webextension.screenshots@mozilla.org	WARN	Loading extension 'screenshots@mozilla.org': Reading manifest: Invalid extension permission: telemetry
1571061520465	addons.webextension.screenshots@mozilla.org	WARN	Loading extension 'screenshots@mozilla.org': Reading manifest: Invalid extension permission: resource://pdf.js/
1571061520465	addons.webextension.screenshots@mozilla.org	WARN	Loading extension 'screenshots@mozilla.org': Reading manifest: Invalid extension permission: about:reader*
1571061522510	Marionette	INFO	Listening on port 58782
1571061522561	Marionette	WARN	TLS certificate errors will be ignored for this session
1571061534637	Marionette	INFO	Stopped listening on port 58540
1571061536570	Marionette	INFO	Stopped listening on port 58586
1571061538087	Marionette	INFO	Stopped listening on port 58636
1571061541255	Marionette	INFO	Stopped listening on port 58725
1571061541852	Marionette	INFO	Stopped listening on port 58782
1571061699899	mozrunner::runner	INFO	Running command: "/Applications/Firefox.app/Contents/MacOS/firefox-bin" "-marionette" "-foreground" "-no-remote" "-profile" "/var/folders/wh/kcqz3t1x5836tshsfrkw239r0000gn/T/rust_mozprofile.OlpQ83bJCtpV"
1571061700476	addons.webextension.screenshots@mozilla.org	WARN	Loading extension 'screenshots@mozilla.org': Reading manifest: Invalid extension permission: mozillaAddons
1571061700476	addons.webextension.screenshots@mozilla.org	WARN	Loading extension 'screenshots@mozilla.org': Reading manifest: Invalid extension permission: telemetry
1571061700476	addons.webextension.screenshots@mozilla.org	WARN	Loading extension 'screenshots@mozilla.org': Reading manifest: Invalid extension permission: resource://pdf.js/
1571061700477	addons.webextension.screenshots@mozilla.org	WARN	Loading extension 'screenshots@mozilla.org': Reading manifest: Invalid extension permission: about:reader*
1571061702538	Marionette	INFO	Listening on port 58954
1571061702551	Marionette	WARN	TLS certificate errors will be ignored for this session
1571061705976	Marionette	WARN	TimedPromise timed out after 500 ms: stacktrace:
bail@chrome://marionette/content/sync.js:237:64
1571061706698	Marionette	WARN	TimedPromise timed out after 500 ms: stacktrace:
bail@chrome://marionette/content/sync.js:237:64
1571061707409	Marionette	WARN	TimedPromise timed out after 500 ms: stacktrace:
bail@chrome://marionette/content/sync.js:237:64
1571061708121	Marionette	WARN	TimedPromise timed out after 500 ms: stacktrace:
bail@chrome://marionette/content/sync.js:237:64
1571061710142	Marionette	WARN	TimedPromise timed out after 500 ms: stacktrace:
bail@chrome://marionette/content/sync.js:237:64
1571061948467	mozrunner::runner	INFO	Running command: "/Applications/Firefox.app/Contents/MacOS/firefox-bin" "-marionette" "-foreground" "-no-remote" "-profile" "/var/folders/wh/kcqz3t1x5836tshsfrkw239r0000gn/T/rust_mozprofile.X5v3EhqzK1CQ"
1571061949065	addons.webextension.screenshots@mozilla.org	WARN	Loading extension 'screenshots@mozilla.org': Reading manifest: Invalid extension permission: mozillaAddons
1571061949066	addons.webextension.screenshots@mozilla.org	WARN	Loading extension 'screenshots@mozilla.org': Reading manifest: Invalid extension permission: telemetry
1571061949066	addons.webextension.screenshots@mozilla.org	WARN	Loading extension 'screenshots@mozilla.org': Reading manifest: Invalid extension permission: resource://pdf.js/
1571061949066	addons.webextension.screenshots@mozilla.org	WARN	Loading extension 'screenshots@mozilla.org': Reading manifest: Invalid extension permission: about:reader*
1571061951110	Marionette	INFO	Listening on port 59319
1571061951214	Marionette	WARN	TLS certificate errors will be ignored for this session
1571061956290	Marionette	WARN	TimedPromise timed out after 500 ms: stacktrace:
bail@chrome://marionette/content/sync.js:237:64
1571061960810	Marionette	WARN	TimedPromise timed out after 500 ms: stacktrace:
bail@chrome://marionette/content/sync.js:237:64
1571061964041	Marionette	WARN	TimedPromise timed out after 500 ms: stacktrace:
bail@chrome://marionette/content/sync.js:237:64
1571061966002	Marionette	WARN	TimedPromise timed out after 500 ms: stacktrace:
bail@chrome://marionette/content/sync.js:237:64
1571061969221	Marionette	WARN	TimedPromise timed out after 500 ms: stacktrace:
bail@chrome://marionette/content/sync.js:237:64
1571061997166	mozrunner::runner	INFO	Running command: "/Applications/Firefox.app/Contents/MacOS/firefox-bin" "-marionette" "-foreground" "-no-remote" "-profile" "/var/folders/wh/kcqz3t1x5836tshsfrkw239r0000gn/T/rust_mozprofile.Z91nC6kObF5N"
1571061997793	addons.webextension.screenshots@mozilla.org	WARN	Loading extension 'screenshots@mozilla.org': Reading manifest: Invalid extension permission: mozillaAddons
1571061997793	addons.webextension.screenshots@mozilla.org	WARN	Loading extension 'screenshots@mozilla.org': Reading manifest: Invalid extension permission: telemetry
1571061997793	addons.webextension.screenshots@mozilla.org	WARN	Loading extension 'screenshots@mozilla.org': Reading manifest: Invalid extension permission: resource://pdf.js/
1571061997793	addons.webextension.screenshots@mozilla.org	WARN	Loading extension 'screenshots@mozilla.org': Reading manifest: Invalid extension permission: about:reader*
1571061999898	Marionette	INFO	Listening on port 59432
1571061999922	Marionette	WARN	TLS certificate errors will be ignored for this session
1571062096382	mozrunner::runner	INFO	Running command: "/Applications/Firefox.app/Contents/MacOS/firefox-bin" "-marionette" "-foreground" "-no-remote" "-profile" "/var/folders/wh/kcqz3t1x5836tshsfrkw239r0000gn/T/rust_mozprofile.Rqafwyhcvxl9"
1571062096979	addons.webextension.screenshots@mozilla.org	WARN	Loading extension 'screenshots@mozilla.org': Reading manifest: Invalid extension permission: mozillaAddons
1571062096979	addons.webextension.screenshots@mozilla.org	WARN	Loading extension 'screenshots@mozilla.org': Reading manifest: Invalid extension permission: telemetry
1571062096979	addons.webextension.screenshots@mozilla.org	WARN	Loading extension 'screenshots@mozilla.org': Reading manifest: Invalid extension permission: resource://pdf.js/
1571062096979	addons.webextension.screenshots@mozilla.org	WARN	Loading extension 'screenshots@mozilla.org': Reading manifest: Invalid extension permission: about:reader*
1571062099114	Marionette	INFO	Listening on port 59570
1571062099152	Marionette	WARN	TLS certificate errors will be ignored for this session
1571062102293	Marionette	WARN	TimedPromise timed out after 500 ms: stacktrace:
bail@chrome://marionette/content/sync.js:237:64
1571062104277	Marionette	WARN	TimedPromise timed out after 500 ms: stacktrace:
bail@chrome://marionette/content/sync.js:237:64
1571062121659	mozrunner::runner	INFO	Running command: "/Applications/Firefox.app/Contents/MacOS/firefox-bin" "-marionette" "-foreground" "-no-remote" "-profile" "/var/folders/wh/kcqz3t1x5836tshsfrkw239r0000gn/T/rust_mozprofile.74OsalSt8GZt"
1571062122270	addons.webextension.screenshots@mozilla.org	WARN	Loading extension 'screenshots@mozilla.org': Reading manifest: Invalid extension permission: mozillaAddons
1571062122270	addons.webextension.screenshots@mozilla.org	WARN	Loading extension 'screenshots@mozilla.org': Reading manifest: Invalid extension permission: telemetry
1571062122271	addons.webextension.screenshots@mozilla.org	WARN	Loading extension 'screenshots@mozilla.org': Reading manifest: Invalid extension permission: resource://pdf.js/
1571062122271	addons.webextension.screenshots@mozilla.org	WARN	Loading extension 'screenshots@mozilla.org': Reading manifest: Invalid extension permission: about:reader*
1571062124435	Marionette	INFO	Listening on port 59676
1571062124525	Marionette	WARN	TLS certificate errors will be ignored for this session
1571062127694	Marionette	WARN	TimedPromise timed out after 500 ms: stacktrace:
bail@chrome://marionette/content/sync.js:237:64
1571062129704	Marionette	WARN	TimedPromise timed out after 500 ms: stacktrace:
bail@chrome://marionette/content/sync.js:237:64
1571062153049	mozrunner::runner	INFO	Running command: "/Applications/Firefox.app/Contents/MacOS/firefox-bin" "-marionette" "-foreground" "-no-remote" "-profile" "/var/folders/wh/kcqz3t1x5836tshsfrkw239r0000gn/T/rust_mozprofile.qj5pUsDZHVSD"
1571062153670	addons.webextension.screenshots@mozilla.org	WARN	Loading extension 'screenshots@mozilla.org': Reading manifest: Invalid extension permission: mozillaAddons
1571062153670	addons.webextension.screenshots@mozilla.org	WARN	Loading extension 'screenshots@mozilla.org': Reading manifest: Invalid extension permission: telemetry
1571062153670	addons.webextension.screenshots@mozilla.org	WARN	Loading extension 'screenshots@mozilla.org': Reading manifest: Invalid extension permission: resource://pdf.js/
1571062153670	addons.webextension.screenshots@mozilla.org	WARN	Loading extension 'screenshots@mozilla.org': Reading manifest: Invalid extension permission: about:reader*
1571062155907	Marionette	INFO	Listening on port 59793
1571062155916	Marionette	WARN	TLS certificate errors will be ignored for this session
1571062169492	mozrunner::runner	INFO	Running command: "/Applications/Firefox.app/Contents/MacOS/firefox-bin" "-marionette" "-foreground" "-no-remote" "-profile" "/var/folders/wh/kcqz3t1x5836tshsfrkw239r0000gn/T/rust_mozprofile.PJbblM1FZPvU"
1571062170138	addons.webextension.screenshots@mozilla.org	WARN	Loading extension 'screenshots@mozilla.org': Reading manifest: Invalid extension permission: mozillaAddons
1571062170138	addons.webextension.screenshots@mozilla.org	WARN	Loading extension 'screenshots@mozilla.org': Reading manifest: Invalid extension permission: telemetry
1571062170138	addons.webextension.screenshots@mozilla.org	WARN	Loading extension 'screenshots@mozilla.org': Reading manifest: Invalid extension permission: resource://pdf.js/
1571062170138	addons.webextension.screenshots@mozilla.org	WARN	Loading extension 'screenshots@mozilla.org': Reading manifest: Invalid extension permission: about:reader*
1571062172332	Marionette	INFO	Listening on port 59904
1571062172358	Marionette	WARN	TLS certificate errors will be ignored for this session
1571062177482	Marionette	WARN	TimedPromise timed out after 500 ms: stacktrace:
bail@chrome://marionette/content/sync.js:237:64
1571062180709	Marionette	WARN	TimedPromise timed out after 500 ms: stacktrace:
bail@chrome://marionette/content/sync.js:237:64
1571062182674	Marionette	WARN	TimedPromise timed out after 500 ms: stacktrace:
bail@chrome://marionette/content/sync.js:237:64
1571062185906	Marionette	WARN	TimedPromise timed out after 500 ms: stacktrace:
bail@chrome://marionette/content/sync.js:237:64
1571062187886	Marionette	WARN	TimedPromise timed out after 500 ms: stacktrace:
bail@chrome://marionette/content/sync.js:237:64
1571062191115	Marionette	WARN	TimedPromise timed out after 500 ms: stacktrace:
bail@chrome://marionette/content/sync.js:237:64
1571062238873	mozrunner::runner	INFO	Running command: "/Applications/Firefox.app/Contents/MacOS/firefox-bin" "-marionette" "-foreground" "-no-remote" "-profile" "/var/folders/wh/kcqz3t1x5836tshsfrkw239r0000gn/T/rust_mozprofile.Yh5bPQ8pz22A"
1571062239497	addons.webextension.screenshots@mozilla.org	WARN	Loading extension 'screenshots@mozilla.org': Reading manifest: Invalid extension permission: mozillaAddons
1571062239497	addons.webextension.screenshots@mozilla.org	WARN	Loading extension 'screenshots@mozilla.org': Reading manifest: Invalid extension permission: telemetry
1571062239498	addons.webextension.screenshots@mozilla.org	WARN	Loading extension 'screenshots@mozilla.org': Reading manifest: Invalid extension permission: resource://pdf.js/
1571062239498	addons.webextension.screenshots@mozilla.org	WARN	Loading extension 'screenshots@mozilla.org': Reading manifest: Invalid extension permission: about:reader*
1571062241702	Marionette	INFO	Listening on port 60065
1571062241737	Marionette	WARN	TLS certificate errors will be ignored for this session
Exiting due to channel error.
Exiting due to channel error.
Exiting due to channel error.
Exiting due to channel error.
Exiting due to channel error.
Exiting due to channel error.
Exiting due to channel error.
[GFX1-]: Receive IPC close with reason=AbnormalShutdown
Exiting due to channel error.
Exiting due to channel error.
[GFX1-]: Receive IPC close with reason=AbnormalShutdown
Exiting due to channel error.
Exiting due to channel error.
Exiting due to channel error.
[GFX1-]: Receive IPC close with reason=AbnormalShutdown
Exiting due to channel error.
Exiting due to channel error.
Exiting due to channel error.
Exiting due to channel error.
[GFX1-]: Receive IPC close with reason=AbnormalShutdown
Exiting due to channel error.
[GFX1-]: Receive IPC close with reason=AbnormalShutdown
Exiting due to channel error.
[Child 7866, Chrome_ChildThread] WARNING: pipe error: Broken pipe: file /builds/worker/workspace/build/src/ipc/chromium/src/chrome/common/ipc_channel_posix.cc, line 728
Exiting due to channel error.
[GFX1-]: Receive IPC close with reason=AbnormalShutdown
Exiting due to channel error.
[GFX1-]: Receive IPC close with reason=AbnormalShutdown
Exiting due to channel error.
Exiting due to channel error.
Exiting due to channel error.
[GFX1-]: Receive IPC close with reason=AbnormalShutdown
Exiting due to channel error.
1571062807951	mozrunner::runner	INFO	Running command: "/Applications/Firefox.app/Contents/MacOS/firefox-bin" "-marionette" "-foreground" "-no-remote" "-profile" "/var/folders/wh/kcqz3t1x5836tshsfrkw239r0000gn/T/rust_mozprofile.K9bBA8YBAMyy"
1571062808531	addons.webextension.screenshots@mozilla.org	WARN	Loading extension 'screenshots@mozilla.org': Reading manifest: Invalid extension permission: mozillaAddons
1571062808531	addons.webextension.screenshots@mozilla.org	WARN	Loading extension 'screenshots@mozilla.org': Reading manifest: Invalid extension permission: telemetry
1571062808531	addons.webextension.screenshots@mozilla.org	WARN	Loading extension 'screenshots@mozilla.org': Reading manifest: Invalid extension permission: resource://pdf.js/
1571062808531	addons.webextension.screenshots@mozilla.org	WARN	Loading extension 'screenshots@mozilla.org': Reading manifest: Invalid extension permission: about:reader*
1571062810624	Marionette	INFO	Listening on port 60487
1571062810704	Marionette	WARN	TLS certificate errors will be ignored for this session
Exiting due to channel error.
[GFX1-]: Receive IPC close with reason=AbnormalShutdown
[GFX1-]: Receive IPC close with reason=AbnormalShutdown
Exiting due to channel error.
Exiting due to channel error.
1571065616943	mozrunner::runner	INFO	Running command: "/Applications/Firefox.app/Contents/MacOS/firefox-bin" "-marionette" "-foreground" "-no-remote" "-profile" "/var/folders/wh/kcqz3t1x5836tshsfrkw239r0000gn/T/rust_mozprofile.ViSkGVyHSfc9"
1571065617480	addons.webextension.screenshots@mozilla.org	WARN	Loading extension 'screenshots@mozilla.org': Reading manifest: Invalid extension permission: mozillaAddons
1571065617480	addons.webextension.screenshots@mozilla.org	WARN	Loading extension 'screenshots@mozilla.org': Reading manifest: Invalid extension permission: telemetry
1571065617480	addons.webextension.screenshots@mozilla.org	WARN	Loading extension 'screenshots@mozilla.org': Reading manifest: Invalid extension permission: resource://pdf.js/
1571065617481	addons.webextension.screenshots@mozilla.org	WARN	Loading extension 'screenshots@mozilla.org': Reading manifest: Invalid extension permission: about:reader*
1571065619445	Marionette	INFO	Listening on port 61817
1571065619478	Marionette	WARN	TLS certificate errors will be ignored for this session
1571065676638	mozrunner::runner	INFO	Running command: "/Applications/Firefox.app/Contents/MacOS/firefox-bin" "-marionette" "-foreground" "-no-remote" "-profile" "/var/folders/wh/kcqz3t1x5836tshsfrkw239r0000gn/T/rust_mozprofile.DMGLBxNyc1Py"
1571065677168	addons.webextension.screenshots@mozilla.org	WARN	Loading extension 'screenshots@mozilla.org': Reading manifest: Invalid extension permission: mozillaAddons
1571065677168	addons.webextension.screenshots@mozilla.org	WARN	Loading extension 'screenshots@mozilla.org': Reading manifest: Invalid extension permission: telemetry
1571065677169	addons.webextension.screenshots@mozilla.org	WARN	Loading extension 'screenshots@mozilla.org': Reading manifest: Invalid extension permission: resource://pdf.js/
1571065677169	addons.webextension.screenshots@mozilla.org	WARN	Loading extension 'screenshots@mozilla.org': Reading manifest: Invalid extension permission: about:reader*
1571065679205	Marionette	INFO	Listening on port 61911
1571065679305	Marionette	WARN	TLS certificate errors will be ignored for this session
1571065719297	mozrunner::runner	INFO	Running command: "/Applications/Firefox.app/Contents/MacOS/firefox-bin" "-marionette" "-foreground" "-no-remote" "-profile" "/var/folders/wh/kcqz3t1x5836tshsfrkw239r0000gn/T/rust_mozprofile.TuUUddTh2cql"
1571065719838	addons.webextension.screenshots@mozilla.org	WARN	Loading extension 'screenshots@mozilla.org': Reading manifest: Invalid extension permission: mozillaAddons
1571065719838	addons.webextension.screenshots@mozilla.org	WARN	Loading extension 'screenshots@mozilla.org': Reading manifest: Invalid extension permission: telemetry
1571065719839	addons.webextension.screenshots@mozilla.org	WARN	Loading extension 'screenshots@mozilla.org': Reading manifest: Invalid extension permission: resource://pdf.js/
1571065719839	addons.webextension.screenshots@mozilla.org	WARN	Loading extension 'screenshots@mozilla.org': Reading manifest: Invalid extension permission: about:reader*
1571065721720	Marionette	INFO	Listening on port 62002
1571065721767	Marionette	WARN	TLS certificate errors will be ignored for this session
1571065893148	mozrunner::runner	INFO	Running command: "/Applications/Firefox.app/Contents/MacOS/firefox-bin" "-marionette" "-foreground" "-no-remote" "-profile" "/var/folders/wh/kcqz3t1x5836tshsfrkw239r0000gn/T/rust_mozprofile.TBb97SGRPabi"
1571065893702	addons.webextension.screenshots@mozilla.org	WARN	Loading extension 'screenshots@mozilla.org': Reading manifest: Invalid extension permission: mozillaAddons
1571065893702	addons.webextension.screenshots@mozilla.org	WARN	Loading extension 'screenshots@mozilla.org': Reading manifest: Invalid extension permission: telemetry
1571065893703	addons.webextension.screenshots@mozilla.org	WARN	Loading extension 'screenshots@mozilla.org': Reading manifest: Invalid extension permission: resource://pdf.js/
1571065893703	addons.webextension.screenshots@mozilla.org	WARN	Loading extension 'screenshots@mozilla.org': Reading manifest: Invalid extension permission: about:reader*
1571065895752	Marionette	INFO	Listening on port 62106
1571065895805	Marionette	WARN	TLS certificate errors will be ignored for this session
[GFX1-]: Receive IPC close with reason=AbnormalShutdown
Exiting due to channel error.
Exiting due to channel error.
[GFX1-]: Receive IPC close with reason=AbnormalShutdown
Exiting due to channel error.
[Child 8425, Chrome_ChildThread] WARNING: pipe error: Broken pipe: file /builds/worker/workspace/build/src/ipc/chromium/src/chrome/common/ipc_channel_posix.cc, line 728
Exiting due to channel error.
[GFX1-]: Receive IPC close with reason=AbnormalShutdown
Exiting due to channel error.
[GFX1-]: Receive IPC close with reason=AbnormalShutdown
[GFX1-]: Receive IPC close with reason=AbnormalShutdown
Exiting due to channel error.
Exiting due to channel error.
Exiting due to channel error.
Exiting due to channel error.
Exiting due to channel error.
Exiting due to channel error.
[GFX1-]: Receive IPC close with reason=AbnormalShutdown
Exiting due to channel error.
1571066962229	mozrunner::runner	INFO	Running command: "/Applications/Firefox.app/Contents/MacOS/firefox-bin" "-marionette" "-foreground" "-no-remote" "-profile" "/var/folders/wh/kcqz3t1x5836tshsfrkw239r0000gn/T/rust_mozprofile.haOfXbaVMvF2"
1571066962752	addons.webextension.screenshots@mozilla.org	WARN	Loading extension 'screenshots@mozilla.org': Reading manifest: Invalid extension permission: mozillaAddons
1571066962753	addons.webextension.screenshots@mozilla.org	WARN	Loading extension 'screenshots@mozilla.org': Reading manifest: Invalid extension permission: telemetry
1571066962753	addons.webextension.screenshots@mozilla.org	WARN	Loading extension 'screenshots@mozilla.org': Reading manifest: Invalid extension permission: resource://pdf.js/
1571066962753	addons.webextension.screenshots@mozilla.org	WARN	Loading extension 'screenshots@mozilla.org': Reading manifest: Invalid extension permission: about:reader*
1571066964814	Marionette	INFO	Listening on port 62338
1571066964895	Marionette	WARN	TLS certificate errors will be ignored for this session
1571066984290	mozrunner::runner	INFO	Running command: "/Applications/Firefox.app/Contents/MacOS/firefox-bin" "-marionette" "-foreground" "-no-remote" "-profile" "/var/folders/wh/kcqz3t1x5836tshsfrkw239r0000gn/T/rust_mozprofile.drWdbRR5haNe"
1571066984831	addons.webextension.screenshots@mozilla.org	WARN	Loading extension 'screenshots@mozilla.org': Reading manifest: Invalid extension permission: mozillaAddons
1571066984831	addons.webextension.screenshots@mozilla.org	WARN	Loading extension 'screenshots@mozilla.org': Reading manifest: Invalid extension permission: telemetry
1571066984832	addons.webextension.screenshots@mozilla.org	WARN	Loading extension 'screenshots@mozilla.org': Reading manifest: Invalid extension permission: resource://pdf.js/
1571066984832	addons.webextension.screenshots@mozilla.org	WARN	Loading extension 'screenshots@mozilla.org': Reading manifest: Invalid extension permission: about:reader*
1571066986806	Marionette	INFO	Listening on port 62419
1571066986851	Marionette	WARN	TLS certificate errors will be ignored for this session
[GFX1-]: Receive IPC close with reason=AbnormalShutdown
Exiting due to channel error.
Exiting due to channel error.
[GFX1-]: Receive IPC close with reason=AbnormalShutdown
Exiting due to channel error.
[GFX1-]: Receive IPC close with reason=AbnormalShutdown
[Child 8579, Chrome_ChildThread] WARNING: pipe error: Broken pipe: file /builds/worker/workspace/build/src/ipc/chromium/src/chrome/common/ipc_channel_posix.cc, line 728
[GFX1-]: Receive IPC close with reason=AbnormalShutdown
Exiting due to channel error.
Exiting due to channel error.
[Child 8586, Chrome_ChildThread] WARNING: pipe error: Broken pipe: file /builds/worker/workspace/build/src/ipc/chromium/src/chrome/common/ipc_channel_posix.cc, line 728
Exiting due to channel error.
1571067094373	mozrunner::runner	INFO	Running command: "/Applications/Firefox.app/Contents/MacOS/firefox-bin" "-marionette" "-foreground" "-no-remote" "-profile" "/var/folders/wh/kcqz3t1x5836tshsfrkw239r0000gn/T/rust_mozprofile.GOS3YE3Cfct9"
1571067094926	addons.webextension.screenshots@mozilla.org	WARN	Loading extension 'screenshots@mozilla.org': Reading manifest: Invalid extension permission: mozillaAddons
1571067094926	addons.webextension.screenshots@mozilla.org	WARN	Loading extension 'screenshots@mozilla.org': Reading manifest: Invalid extension permission: telemetry
1571067094926	addons.webextension.screenshots@mozilla.org	WARN	Loading extension 'screenshots@mozilla.org': Reading manifest: Invalid extension permission: resource://pdf.js/
1571067094927	addons.webextension.screenshots@mozilla.org	WARN	Loading extension 'screenshots@mozilla.org': Reading manifest: Invalid extension permission: about:reader*
1571067096926	Marionette	INFO	Listening on port 62531
1571067097021	Marionette	WARN	TLS certificate errors will be ignored for this session
1571067152635	mozrunner::runner	INFO	Running command: "/Applications/Firefox.app/Contents/MacOS/firefox-bin" "-marionette" "-foreground" "-no-remote" "-profile" "/var/folders/wh/kcqz3t1x5836tshsfrkw239r0000gn/T/rust_mozprofile.Yzfe14Q8FpuP"
1571067153186	addons.webextension.screenshots@mozilla.org	WARN	Loading extension 'screenshots@mozilla.org': Reading manifest: Invalid extension permission: mozillaAddons
1571067153186	addons.webextension.screenshots@mozilla.org	WARN	Loading extension 'screenshots@mozilla.org': Reading manifest: Invalid extension permission: telemetry
1571067153186	addons.webextension.screenshots@mozilla.org	WARN	Loading extension 'screenshots@mozilla.org': Reading manifest: Invalid extension permission: resource://pdf.js/
1571067153187	addons.webextension.screenshots@mozilla.org	WARN	Loading extension 'screenshots@mozilla.org': Reading manifest: Invalid extension permission: about:reader*
1571067155189	Marionette	INFO	Listening on port 62626
1571067155198	Marionette	WARN	TLS certificate errors will be ignored for this session
1571067192743	mozrunner::runner	INFO	Running command: "/Applications/Firefox.app/Contents/MacOS/firefox-bin" "-marionette" "-foreground" "-no-remote" "-profile" "/var/folders/wh/kcqz3t1x5836tshsfrkw239r0000gn/T/rust_mozprofile.ltKOFoJKIrQI"
1571067193326	addons.webextension.screenshots@mozilla.org	WARN	Loading extension 'screenshots@mozilla.org': Reading manifest: Invalid extension permission: mozillaAddons
1571067193326	addons.webextension.screenshots@mozilla.org	WARN	Loading extension 'screenshots@mozilla.org': Reading manifest: Invalid extension permission: telemetry
1571067193326	addons.webextension.screenshots@mozilla.org	WARN	Loading extension 'screenshots@mozilla.org': Reading manifest: Invalid extension permission: resource://pdf.js/
1571067193326	addons.webextension.screenshots@mozilla.org	WARN	Loading extension 'screenshots@mozilla.org': Reading manifest: Invalid extension permission: about:reader*
1571067195398	Marionette	INFO	Listening on port 62732
1571067195412	Marionette	WARN	TLS certificate errors will be ignored for this session
1571067200255	Marionette	WARN	TimedPromise timed out after 500 ms: stacktrace:
bail@chrome://marionette/content/sync.js:237:64
1571067240259	mozrunner::runner	INFO	Running command: "/Applications/Firefox.app/Contents/MacOS/firefox-bin" "-marionette" "-foreground" "-no-remote" "-profile" "/var/folders/wh/kcqz3t1x5836tshsfrkw239r0000gn/T/rust_mozprofile.TvOYAFeTCvTt"
1571067240825	addons.webextension.screenshots@mozilla.org	WARN	Loading extension 'screenshots@mozilla.org': Reading manifest: Invalid extension permission: mozillaAddons
1571067240826	addons.webextension.screenshots@mozilla.org	WARN	Loading extension 'screenshots@mozilla.org': Reading manifest: Invalid extension permission: telemetry
1571067240826	addons.webextension.screenshots@mozilla.org	WARN	Loading extension 'screenshots@mozilla.org': Reading manifest: Invalid extension permission: resource://pdf.js/
1571067240826	addons.webextension.screenshots@mozilla.org	WARN	Loading extension 'screenshots@mozilla.org': Reading manifest: Invalid extension permission: about:reader*
1571067242908	Marionette	INFO	Listening on port 62833
1571067242923	Marionette	WARN	TLS certificate errors will be ignored for this session
1571067550002	mozrunner::runner	INFO	Running command: "/Applications/Firefox.app/Contents/MacOS/firefox-bin" "-marionette" "-foreground" "-no-remote" "-profile" "/var/folders/wh/kcqz3t1x5836tshsfrkw239r0000gn/T/rust_mozprofile.pDTObYsmGNev"
1571067550607	addons.webextension.screenshots@mozilla.org	WARN	Loading extension 'screenshots@mozilla.org': Reading manifest: Invalid extension permission: mozillaAddons
1571067550607	addons.webextension.screenshots@mozilla.org	WARN	Loading extension 'screenshots@mozilla.org': Reading manifest: Invalid extension permission: telemetry
1571067550607	addons.webextension.screenshots@mozilla.org	WARN	Loading extension 'screenshots@mozilla.org': Reading manifest: Invalid extension permission: resource://pdf.js/
1571067550608	addons.webextension.screenshots@mozilla.org	WARN	Loading extension 'screenshots@mozilla.org': Reading manifest: Invalid extension permission: about:reader*
1571067552789	Marionette	INFO	Listening on port 62953
1571067552862	Marionette	WARN	TLS certificate errors will be ignored for this session
[GFX1-]: Receive IPC close with reason=AbnormalShutdown
[GFX1-]: Receive IPC close with reason=AbnormalShutdown
Exiting due to channel error.
Exiting due to channel error.
Exiting due to channel error.
Exiting due to channel error.
[GFX1-]: Receive IPC close with reason=AbnormalShutdown
Exiting due to channel error.
[GFX1-]: Receive IPC close with reason=AbnormalShutdown
Exiting due to channel error.
Exiting due to channel error.
Exiting due to channel error.
[GFX1-]: Receive IPC close with reason=AbnormalShutdown
[GFX1-]: Receive IPC close with reason=AbnormalShutdown
Exiting due to channel error.
Exiting due to channel error.
Exiting due to channel error.
[GFX1-]: Receive IPC close with reason=AbnormalShutdown
Exiting due to channel error.
Exiting due to channel error.
[GFX1-]: Receive IPC close with reason=AbnormalShutdown
Exiting due to channel error.
Exiting due to channel error.
1571067981314	mozrunner::runner	INFO	Running command: "/Applications/Firefox.app/Contents/MacOS/firefox-bin" "-marionette" "-foreground" "-no-remote" "-profile" "/var/folders/wh/kcqz3t1x5836tshsfrkw239r0000gn/T/rust_mozprofile.8Jl9bt3q7EnE"
1571067981905	addons.webextension.screenshots@mozilla.org	WARN	Loading extension 'screenshots@mozilla.org': Reading manifest: Invalid extension permission: mozillaAddons
1571067981905	addons.webextension.screenshots@mozilla.org	WARN	Loading extension 'screenshots@mozilla.org': Reading manifest: Invalid extension permission: telemetry
1571067981906	addons.webextension.screenshots@mozilla.org	WARN	Loading extension 'screenshots@mozilla.org': Reading manifest: Invalid extension permission: resource://pdf.js/
1571067981906	addons.webextension.screenshots@mozilla.org	WARN	Loading extension 'screenshots@mozilla.org': Reading manifest: Invalid extension permission: about:reader*
1571067983945	Marionette	INFO	Listening on port 63265
1571067983976	Marionette	WARN	TLS certificate errors will be ignored for this session
1571068085796	mozrunner::runner	INFO	Running command: "/Applications/Firefox.app/Contents/MacOS/firefox-bin" "-marionette" "-foreground" "-no-remote" "-profile" "/var/folders/wh/kcqz3t1x5836tshsfrkw239r0000gn/T/rust_mozprofile.t6tmIB16LAuD"
1571068086350	addons.webextension.screenshots@mozilla.org	WARN	Loading extension 'screenshots@mozilla.org': Reading manifest: Invalid extension permission: mozillaAddons
1571068086350	addons.webextension.screenshots@mozilla.org	WARN	Loading extension 'screenshots@mozilla.org': Reading manifest: Invalid extension permission: telemetry
1571068086350	addons.webextension.screenshots@mozilla.org	WARN	Loading extension 'screenshots@mozilla.org': Reading manifest: Invalid extension permission: resource://pdf.js/
1571068086351	addons.webextension.screenshots@mozilla.org	WARN	Loading extension 'screenshots@mozilla.org': Reading manifest: Invalid extension permission: about:reader*
1571068088521	Marionette	INFO	Listening on port 63363
1571068088580	Marionette	WARN	TLS certificate errors will be ignored for this session
Exiting due to channel error.
Exiting due to channel error.
Exiting due to channel error.
[GFX1-]: Receive IPC close with reason=AbnormalShutdown
Exiting due to channel error.
[GFX1-]: Receive IPC close with reason=AbnormalShutdown
Exiting due to channel error.
Exiting due to channel error.
